This is pdfTeX, Version 3.1415926-2.4-1.40.13 (TeX Live 2012/MacPorts 2012_10) (format=pdflatex 2013.8.31)  11 FEB 2014 00:21
entering extended mode
 restricted \write18 enabled.
 %&-line parsing enabled.
**main.tex
(./main.tex
LaTeX2e <2011/06/27>
Babel <v3.8m> and hyphenation patterns for english, dumylang, nohyphenation, cz
ech, slovak, dutch, ukenglish, usenglishmax, basque, french, german-x-2012-05-3
0, ngerman-x-2012-05-30, german, ngerman, swissgerman, italian, polish, portugu
ese, spanish, catalan, galician, loaded.
(./sig-alternate.cls
(/opt/local/share/texmf-texlive-dist/tex/latex/graphics/epsfig.sty
Package: epsfig 1999/02/16 v1.7a (e)psfig emulation (SPQR)

(/opt/local/share/texmf-texlive-dist/tex/latex/graphics/graphicx.sty
Package: graphicx 1999/02/16 v1.0f Enhanced LaTeX Graphics (DPC,SPQR)

(/opt/local/share/texmf-texlive-dist/tex/latex/graphics/keyval.sty
Package: keyval 1999/03/16 v1.13 key=value parser (DPC)
\KV@toks@=\toks14
)
(/opt/local/share/texmf-texlive-dist/tex/latex/graphics/graphics.sty
Package: graphics 2009/02/05 v1.0o Standard LaTeX Graphics (DPC,SPQR)

(/opt/local/share/texmf-texlive-dist/tex/latex/graphics/trig.sty
Package: trig 1999/03/16 v1.09 sin cos tan (DPC)
)
(/opt/local/share/texmf-texlive-dist/tex/latex/latexconfig/graphics.cfg
File: graphics.cfg 2010/04/23 v1.9 graphics configuration of TeX Live
)
Package graphics Info: Driver file: pdftex.def on input line 91.

(/opt/local/share/texmf-texlive-dist/tex/latex/pdftex-def/pdftex.def
File: pdftex.def 2011/05/27 v0.06d Graphics/color for pdfTeX

(/opt/local/share/texmf-texlive-dist/tex/generic/oberdiek/infwarerr.sty
Package: infwarerr 2010/04/08 v1.3 Providing info/warning/error messages (HO)
)
(/opt/local/share/texmf-texlive-dist/tex/generic/oberdiek/ltxcmds.sty
Package: ltxcmds 2011/11/09 v1.22 LaTeX kernel commands for general use (HO)
)
\Gread@gobject=\count79
))
\Gin@req@height=\dimen102
\Gin@req@width=\dimen103
)
\epsfxsize=\dimen104
\epsfysize=\dimen105
)
(/opt/local/share/texmf-texlive-dist/tex/latex/amsfonts/amssymb.sty
Package: amssymb 2009/06/22 v3.00

(/opt/local/share/texmf-texlive-dist/tex/latex/amsfonts/amsfonts.sty
Package: amsfonts 2009/06/22 v3.00 Basic AMSFonts support
\@emptytoks=\toks15
\symAMSa=\mathgroup4
\symAMSb=\mathgroup5
LaTeX Font Info:    Overwriting math alphabet `\mathfrak' in version `bold'
(Font)                  U/euf/m/n --> U/euf/b/n on input line 96.
))
(/opt/local/share/texmf-texlive-dist/tex/latex/amsmath/amsmath.sty
Package: amsmath 2000/07/18 v2.13 AMS math features
\@mathmargin=\skip41

For additional information on amsmath, use the `?' option.
(/opt/local/share/texmf-texlive-dist/tex/latex/amsmath/amstext.sty
Package: amstext 2000/06/29 v2.01

(/opt/local/share/texmf-texlive-dist/tex/latex/amsmath/amsgen.sty
File: amsgen.sty 1999/11/30 v2.0
\@emptytoks=\toks16
\ex@=\dimen106
))
(/opt/local/share/texmf-texlive-dist/tex/latex/amsmath/amsbsy.sty
Package: amsbsy 1999/11/29 v1.2d
\pmbraise@=\dimen107
)
(/opt/local/share/texmf-texlive-dist/tex/latex/amsmath/amsopn.sty
Package: amsopn 1999/12/14 v2.01 operator names
)
\inf@bad=\count80
LaTeX Info: Redefining \frac on input line 211.
\uproot@=\count81
\leftroot@=\count82
LaTeX Info: Redefining \overline on input line 307.
\classnum@=\count83
\DOTSCASE@=\count84
LaTeX Info: Redefining \ldots on input line 379.
LaTeX Info: Redefining \dots on input line 382.
LaTeX Info: Redefining \cdots on input line 467.
\Mathstrutbox@=\box26
\strutbox@=\box27
\big@size=\dimen108
LaTeX Font Info:    Redeclaring font encoding OML on input line 567.
LaTeX Font Info:    Redeclaring font encoding OMS on input line 568.
\macc@depth=\count85
\c@MaxMatrixCols=\count86
\dotsspace@=\muskip10
\c@parentequation=\count87
\dspbrk@lvl=\count88
\tag@help=\toks17
\row@=\count89
\column@=\count90
\maxfields@=\count91
\andhelp@=\toks18
\eqnshift@=\dimen109
\alignsep@=\dimen110
\tagshift@=\dimen111
\tagwidth@=\dimen112
\totwidth@=\dimen113
\lineht@=\dimen114
\@envbody=\toks19
\multlinegap=\skip42
\multlinetaggap=\skip43
\mathdisplay@stack=\toks20
LaTeX Info: Redefining \[ on input line 2666.
LaTeX Info: Redefining \] on input line 2667.
)
Document Class 'sig-alternate' <22nd. April '09>. Modified by G.K.M. Tobin/Gerr
y Murray
Based in part upon document Style `acmconf' <22 May 89>. Hacked 4/91 by
shivers@cs.cmu.edu, 4/93 by theobald@cs.mcgill.ca
Excerpts were taken from (Journal Style) 'esub2acm.cls'.
****** Bugs/comments/suggestions/technicalities to Gerry Murray -- murray@hq.ac
m.org ******
Questions on the style, SIGS policies, etc. to Adrienne Griscti griscti@acm.org

\footheight=\dimen115
\@maxsep=\dimen116
\@dblmaxsep=\dimen117
\aucount=\count92
\originalaucount=\count93
\auwidth=\dimen118
\auskip=\dimen119
\auskipcount=\count94
\auskip=\dimen120
\allauboxes=\dimen121
\addauthors=\toks21
\addauflag=\count95
\subtitletext=\toks22
\savesection=\count96
\sectioncntr=\count97
\c@figure=\count98
\c@table=\count99
\titleboxnotes=\toks23
\titleboxnoteflag=\count100
Document Class: sig-alternate 2009/04/22 - V2.4 - based on acmproc.cls V1.3 <No
v. 30 '99>
(/opt/local/share/texmf-texlive-dist/tex/latex/base/latexsym.sty
Package: latexsym 1998/08/17 v2.2e Standard LaTeX package (lasy symbols)
\symlasy=\mathgroup6
LaTeX Font Info:    Overwriting symbol font `lasy' in version `bold'
(Font)                  U/lasy/m/n --> U/lasy/b/n on input line 47.
)
\@acmtitlebox=\box28
\titlenotecount=\count101
\tntoks=\toks24
\tntokstwo=\toks25
\tntoksthree=\toks26
\tntoksfour=\toks27
\tntoksfive=\toks28
\catcount=\count102
\copyrightnotice=\toks29
\conf=\toks30
\confinfo=\toks31
\c@part=\count103
\c@section=\count104
\c@subsection=\count105
\c@subsubsection=\count106
\c@paragraph=\count107

Using 'Abbrev' bibliography style
LaTeX Info: Redefining \cite on input line 1211.
\bibindent=\dimen122
\colcntr=\count108
\saveb@x=\box29
\copyrtyr=\toks32
\acmcopyr=\toks33
\boilerplate=\toks34
\copyrightetc=\toks35
(/opt/local/share/texmf-texlive-dist/tex/latex/base/fontenc.sty
Package: fontenc 2005/09/27 v1.99g Standard LaTeX package

(/opt/local/share/texmf-texlive-dist/tex/latex/base/t1enc.def
File: t1enc.def 2005/09/27 v1.99g Standard LaTeX file
LaTeX Font Info:    Redeclaring font encoding T1 on input line 43.
)
LaTeX Font Info:    Try loading font information for T1+aer on input line 100.

(/opt/local/share/texmf-texlive-dist/tex/latex/ae/t1aer.fd
File: t1aer.fd 1997/11/16 Font definitions for T1/aer.
))) (./amsthm-alt.sty

LaTeX Warning: You have requested package `amsthm-alt',
               but the package provides `amsthmWithoutProof'.

Package: amsthmWithoutProof 2004/08/06 v2.20
\thm@style=\toks36
\thm@bodyfont=\toks37
\thm@headfont=\toks38
\thm@notefont=\toks39
\thm@headpunct=\toks40
\thm@preskip=\skip44
\thm@postskip=\skip45
\thm@headsep=\skip46
\dth@everypar=\toks41
LaTeX Info: Redefining \qed on input line 292.
) (/opt/local/share/texmf-texlive-dist/tex/latex/cite/cite.sty
LaTeX Info: Redefining \cite on input line 302.
LaTeX Info: Redefining \nocite on input line 373.
Package: cite 2010/09/10  v 5.3
)
(/opt/local/share/texmf-texlive-dist/tex/latex/float/float.sty
Package: float 2001/11/08 v1.3d Float enhancements (AL)
\c@float@type=\count109
\float@exts=\toks42
\float@box=\box30
\@float@everytoks=\toks43
\@floatcapt=\box31
)

! LaTeX Error: File `algorithm2e.sty' not found.

Type X to quit or <RETURN> to proceed,
or enter new name. (Default extension: sty)

Enter file name: 

! LaTeX Error: Unknown option `lined' for package `algorithm2e'.

See the LaTeX manual or LaTeX Companion for explanation.
Type  H <return>  for immediate help.
 ...                                              
                                                  
l.5 
    
? 

! LaTeX Error: Unknown option `boxed' for package `algorithm2e'.

See the LaTeX manual or LaTeX Companion for explanation.
Type  H <return>  for immediate help.
 ...                                              
                                                  
l.5 
    
? 
\c@thm=\count110
No file main.aux.
\openout1 = `main.aux'.

LaTeX Font Info:    Checking defaults for OML/cmm/m/it on input line 18.
LaTeX Font Info:    ... okay on input line 18.
LaTeX Font Info:    Checking defaults for T1/cmr/m/n on input line 18.
LaTeX Font Info:    ... okay on input line 18.
LaTeX Font Info:    Checking defaults for OT1/cmr/m/n on input line 18.
LaTeX Font Info:    ... okay on input line 18.
LaTeX Font Info:    Checking defaults for OMS/cmsy/m/n on input line 18.
LaTeX Font Info:    ... okay on input line 18.
LaTeX Font Info:    Checking defaults for OMX/cmex/m/n on input line 18.
LaTeX Font Info:    ... okay on input line 18.
LaTeX Font Info:    Checking defaults for U/cmr/m/n on input line 18.
LaTeX Font Info:    ... okay on input line 18.
(/opt/local/share/texmf-texlive-dist/tex/context/base/supp-pdf.mkii
[Loading MPS to PDF converter (version 2006.09.02).]
\scratchcounter=\count111
\scratchdimen=\dimen123
\scratchbox=\box32
\nofMPsegments=\count112
\nofMParguments=\count113
\everyMPshowfont=\toks44
\MPscratchCnt=\count114
\MPscratchDim=\dimen124
\MPnumerator=\count115
\makeMPintoPDFobject=\count116
\everyMPtoPDFconversion=\toks45
) (/opt/local/share/texmf-texlive-dist/tex/generic/oberdiek/pdftexcmds.sty
Package: pdftexcmds 2011/11/29 v0.20 Utility functions of pdfTeX for LuaTeX (HO
)

(/opt/local/share/texmf-texlive-dist/tex/generic/oberdiek/ifluatex.sty
Package: ifluatex 2010/03/01 v1.3 Provides the ifluatex switch (HO)
Package ifluatex Info: LuaTeX not detected.
)
(/opt/local/share/texmf-texlive-dist/tex/generic/oberdiek/ifpdf.sty
Package: ifpdf 2011/01/30 v2.3 Provides the ifpdf switch (HO)
Package ifpdf Info: pdfTeX in PDF mode is detected.
)
Package pdftexcmds Info: LuaTeX not detected.
Package pdftexcmds Info: \pdf@primitive is available.
Package pdftexcmds Info: \pdf@ifprimitive is available.
Package pdftexcmds Info: \pdfdraftmode found.
)
(/opt/local/share/texmf-texlive-dist/tex/latex/oberdiek/epstopdf-base.sty
Package: epstopdf-base 2010/02/09 v2.5 Base part for package epstopdf

(/opt/local/share/texmf-texlive-dist/tex/latex/oberdiek/grfext.sty
Package: grfext 2010/08/19 v1.1 Manage graphics extensions (HO)

(/opt/local/share/texmf-texlive-dist/tex/generic/oberdiek/kvdefinekeys.sty
Package: kvdefinekeys 2011/04/07 v1.3 Define keys (HO)
))
(/opt/local/share/texmf-texlive-dist/tex/latex/oberdiek/kvoptions.sty
Package: kvoptions 2011/06/30 v3.11 Key value format for package options (HO)

(/opt/local/share/texmf-texlive-dist/tex/generic/oberdiek/kvsetkeys.sty
Package: kvsetkeys 2012/04/25 v1.16 Key value parser (HO)

(/opt/local/share/texmf-texlive-dist/tex/generic/oberdiek/etexcmds.sty
Package: etexcmds 2011/02/16 v1.5 Avoid name clashes with e-TeX commands (HO)
Package etexcmds Info: Could not find \expanded.
(etexcmds)             That can mean that you are not using pdfTeX 1.50 or
(etexcmds)             that some package has redefined \expanded.
(etexcmds)             In the latter case, load this package earlier.
)))
Package grfext Info: Graphics extension search list:
(grfext)             [.png,.pdf,.jpg,.mps,.jpeg,.jbig2,.jb2,.PNG,.PDF,.JPG,.JPE
G,.JBIG2,.JB2,.eps]
(grfext)             \AppendGraphicsExtensions on input line 452.

(/opt/local/share/texmf-texlive-dist/tex/latex/latexconfig/epstopdf-sys.cfg
File: epstopdf-sys.cfg 2010/07/13 v1.3 Configuration of (r)epstopdf for TeX Liv
e
))
LaTeX Font Info:    Try loading font information for U+msa on input line 39.

(/opt/local/share/texmf-texlive-dist/tex/latex/amsfonts/umsa.fd
File: umsa.fd 2009/06/22 v3.00 AMS symbols A
)
LaTeX Font Info:    Try loading font information for U+msb on input line 39.

(/opt/local/share/texmf-texlive-dist/tex/latex/amsfonts/umsb.fd
File: umsb.fd 2009/06/22 v3.00 AMS symbols B
)
LaTeX Font Info:    Try loading font information for U+lasy on input line 39.

(/opt/local/share/texmf-texlive-dist/tex/latex/base/ulasy.fd
File: ulasy.fd 1998/08/17 v2.2e LaTeX symbol font definitions
)
Overfull \hbox (8.49046pt too wide) in paragraph at lines 39--39
 []\eaddfnt aantikac@andrew.cmu.edu| 
 []


Overfull \hbox (0.8225pt too wide) in paragraph at lines 39--39
 []\eaddfnt srinath@bloomreach.com| 
 []

(./0_Abstract.tex) (./1_1_Introduction.tex [1{/opt/local/var/db/texmf/fonts/map
/pdftex/updmap/pdftex.map}


]

LaTeX Warning: Citation `Bush45aswe' on page \thepage  undefined on input line 
30.


LaTeX Warning: Citation `big-data-book13' on page \thepage  undefined on input 
line 38.


LaTeX Warning: Citation `Schafer1999' on page \thepage  undefined on input line
 42.


LaTeX Warning: Citation `Adomavicius2005' on page \thepage  undefined on input 
line 42.


LaTeX Warning: Citation `Resnick1997' on page \thepage  undefined on input line
 42.

) (./1_2_Related_Work.tex

LaTeX Warning: Citation `almazro2010survey' on page \thepage  undefined on inpu
t line 3.


LaTeX Warning: Citation `twitter-collab-filtering' on page \thepage  undefined 
on input line 3.


LaTeX Warning: Citation `amazon-collab-filtering' on page \thepage  undefined o
n input line 3.


LaTeX Warning: Citation `google-collab-filtering' on page \thepage  undefined o
n input line 3.

) (./1_3_Model_and_Approach.tex

LaTeX Warning: Citation `LovaszPlummer1986' on page \thepage  undefined on inpu
t line 23.


LaTeX Warning: Citation `Gabow1983' on page \thepage  undefined on input line 2
5.


LaTeX Warning: Citation `HubermanAdamic1999' on page \thepage  undefined on inp
ut line 28.


LaTeX Warning: Citation `DuDemmerBrewer2006' on page \thepage  undefined on inp
ut line 28.


LaTeX Warning: Citation `KumarNorrisSun2009' on page \thepage  undefined on inp
ut line 29.

[2]

LaTeX Warning: Citation `DeanGhemawat2004' on page \thepage  undefined on input
 line 52.

) (./2_1_Sampling_Algo.tex
Overfull \hbox (15.33252pt too wide) in paragraph at lines 1--1
[]\secfnt ALGORITHMS FOR REC-OM-MEN-DA-TION
 []


Overfull \hbox (18.06691pt too wide) in paragraph at lines 11--12
[]\T1/aer/m/n/9 We present the sam-pling al-go-rithm for the $\OT1/cmr/m/n/9 (\
OML/cmm/m/it/9 c; a\OT1/cmr/m/n/9 )$\T1/aer/m/n/9 -recommendation
 []


! LaTeX Error: Environment algorithm undefined.

See the LaTeX manual or LaTeX Companion for explanation.
Type  H <return>  for immediate help.
 ...                                              
                                                  
l.13 \begin{algorithm}
                      [h]
? 
! Undefined control sequence.
l.14   \SetAlgoLined
                    
? 
! Undefined control sequence.
l.15   \KwData
              {A bipartite graph $G=(L,R,E)$}
? 
! Undefined control sequence.
l.16   \KwResult
                {A (c,a)-recommendation subgraph $H$}
? 
! Undefined control sequence.
l.17   \For
           {$u$ in $L$}{
? 
! Undefined control sequence.
l.19     \For
             {$v$ in neighbors} {
? 
! Undefined control sequence.
l.23   \Return
               $H$\;
? 

! LaTeX Error: \caption outside float.

See the LaTeX manual or LaTeX Companion for explanation.
Type  H <return>  for immediate help.
 ...                                              
                                                  
l.24   \caption
               {The sampling algorithm}
? 
! Undefined control sequence.
\caption ... \endcsname \fi \fi \@dblarg {\@tempf 
                                                  \@captype }
l.24   \caption
               {The sampling algorithm}
? 
! Undefined control sequence.
\caption ...e \fi \fi \@dblarg {\@tempf \@captype 
                                                  }
l.24   \caption
               {The sampling algorithm}
? 

! LaTeX Error: \begin{document} ended by \end{algorithm}.

See the LaTeX manual or LaTeX Companion for explanation.
Type  H <return>  for immediate help.
 ...                                              
                                                  
l.25 \end{algorithm}
                    \vs
? 

Underfull \vbox (badness 10000) has occurred while \output is active []

 [3]
Overfull \hbox (5.85078pt too wide) in paragraph at lines 83--84
\T1/aer/m/it/9 factor ap-prox-i-ma-tion to the $\OT1/cmr/m/n/9 (\OML/cmm/m/it/9
 c; \OT1/cmr/m/n/9 1)$\T1/aer/m/it/9 -graph rec-om-men-da-tion prob-
 []


Overfull \hbox (26.03313pt too wide) in paragraph at lines 86--93
\T1/aer/m/n/9 ma-tion ra-tio in ex-pec-ta-tion is at least $\OT1/cmr/m/n/9 ([])
\OML/cmm/m/it/9 = []\OT1/cmr/m/n/9 (\OML/cmm/m/it/9 ck; \OT1/cmr/m/n/9 1) \OMS/
cmsy/m/n/9 ^^U
 []


LaTeX Warning: Reference `fig:simple_approx' on page \thepage  undefined on inp
ut line 105.


Overfull \hbox (2.36537pt too wide) in paragraph at lines 96--107
\T1/aer/m/n/9 prox-i-ma-tion ob-tained by this sam-pling ap-proach can be much
 []

<images/sri_Original.png, id=28, 501.875pt x 321.2pt>
File: images/sri_Original.png Graphic file (type png)

<use images/sri_Original.png>
Package pdftex.def Info: images/sri_Original.png used on input line 110.
(pdftex.def)             Requested size: 201.59692pt x 129.02174pt.


LaTeX Warning: Reference `a-values' on page \thepage  undefined on input line 1
35.


LaTeX Warning: Citation `AugerDoerr2011' on page \thepage  undefined on input l
ine 142.


LaTeX Warning: Reference `original_result' on page \thepage  undefined on input
 line 163.


LaTeX Warning: Reference `negative_corr_chernoff' on page \thepage  undefined o
n input line 164.

) (./2_2_Greedy_Algo.tex
Overfull \hbox (2.78159pt too wide) in paragraph at lines 8--10
\T1/aer/m/n/9 con-struct-ing a $\OT1/cmr/m/n/9 (\OML/cmm/m/it/9 c; a\OT1/cmr/m/
n/9 )$\T1/aer/m/n/9 -recommendation sub-graph $\OML/cmm/m/it/9 H$ \T1/aer/m/n/9
 it-er-a-tively.
 []


! LaTeX Error: Environment algorithm undefined.

See the LaTeX manual or LaTeX Companion for explanation.
Type  H <return>  for immediate help.
 ...                                              
                                                  
l.11 \begin{algorithm}
                      [h]
? 
! Undefined control sequence.
l.12   \SetAlgoLined
                    
? 
! Undefined control sequence.
l.13   \KwData
              {A bipartite graph $G=(L,R,E)$}
? 
! Undefined control sequence.
l.14   \KwResult
                {A (c,a)-recommendation subgraph $H$}
? 
! Undefined control sequence.
l.15   \For
           {$v$ in $R$}{
? 
! Undefined control sequence.
l.17     \If
            {length(freelinks) $\geq a$}{
? 
! Undefined control sequence.
l.19       \For
               {$u$ in freelinks}{
? 
! Undefined control sequence.
l.25   \Return
               $H$\;
? 

! LaTeX Error: \caption outside float.

See the LaTeX manual or LaTeX Companion for explanation.
Type  H <return>  for immediate help.
 ...                                              
                                                  
l.26   \caption
               {The greedy Algorithm}
? 
! Undefined control sequence.
\caption ... \endcsname \fi \fi \@dblarg {\@tempf 
                                                  \@captype }
l.26   \caption
               {The greedy Algorithm}
? 
! Undefined control sequence.
\caption ...e \fi \fi \@dblarg {\@tempf \@captype 
                                                  }
l.26   \caption
               {The greedy Algorithm}
? 

! LaTeX Error: \begin{document} ended by \end{algorithm}.

See the LaTeX manual or LaTeX Companion for explanation.
Type  H <return>  for immediate help.
 ...                                              
                                                  
l.27 \end{algorithm}
                    \vs
? 

Overfull \hbox (1.61502pt too wide) in paragraph at lines 11--28
\T1/aer/m/n/9 freelinks $\OML/cmm/m/it/9 H \OMS/cmsy/m/n/9   \OML/cmm/m/it/9 H 
\OMS/cmsy/m/n/9 [ f\OT1/cmr/m/n/9 (\OML/cmm/m/it/9 u; v\OT1/cmr/m/n/9 )\OMS/cms
y/m/n/9 g$ \T1/aer/m/n/9 useddegree[$\OML/cmm/m/it/9 u$\T1/aer/m/n/9 ] $\OMS/cm
sy/m/n/9  $ \T1/aer/m/n/9 useddegree[$\OML/cmm/m/it/9 u$\T1/aer/m/n/9 ]+1
 []


LaTeX Warning: Reference `fig:greedy' on page \thepage  undefined on input line
 58.

[4 <./images/sri_Original.png (PNG copy)>]
<images/greedy.png, id=34, 559.08875pt x 319.1925pt>
File: images/greedy.png Graphic file (type png)
 <use images/greedy.png>
Package pdftex.def Info: images/greedy.png used on input line 65.
(pdftex.def)             Requested size: 196.5597pt x 112.2207pt.


LaTeX Warning: Citation `KarpVaziraniVazirani1990' on page \thepage  undefined 
on input line 74.

) (./2_3_Partition_Algo.tex

LaTeX Warning: Citation `ErdosRenyi59' on page \thepage  undefined on input lin
e 13.


Overfull \hbox (32.13353pt too wide) in paragraph at lines 11--18
[]\T1/aer/m/n/9 We will prove a suf-fi-cient con-di-tion for per-fect $\OT1/cmr
/m/n/9 (\OML/cmm/m/it/9 c; a\OT1/cmr/m/n/9 )$\T1/aer/m/n/9 -recommendation
 []


LaTeX Warning: Citation `Janson2011' on page \thepage  undefined on input line 
19.

[5 <./images/greedy.png>]

LaTeX Warning: Reference `random_matching_threshold' on page \thepage  undefine
d on input line 59.


! LaTeX Error: Environment algorithm undefined.

See the LaTeX manual or LaTeX Companion for explanation.
Type  H <return>  for immediate help.
 ...                                              
                                                  
l.79 \begin{algorithm}
                      [h]\label{partition_alg}
? 
! Undefined control sequence.
l.80   \SetAlgoLined
                    
? 
! Undefined control sequence.
l.81   \KwData
              {A bipartite graph $G=(L,R,E)$}
? 
! Undefined control sequence.
l.82   \KwResult
                {A (c,a)-recommendation subgraph $H$}
? 

LaTeX Warning: Reference `perfect' on page \thepage  undefined on input line 84
.

! Undefined control sequence.
l.85   \For
           {$i$ in [1..n]} {
? 
! Undefined control sequence.
l.89   \Return
               $H$\;
? 

! LaTeX Error: \caption outside float.

See the LaTeX manual or LaTeX Companion for explanation.
Type  H <return>  for immediate help.
 ...                                              
                                                  
l.90   \caption
               {The partition algorithm}
? 
! Undefined control sequence.
\caption ... \endcsname \fi \fi \@dblarg {\@tempf 
                                                  \@captype }
l.90   \caption
               {The partition algorithm}
? 
! Undefined control sequence.
\caption ...e \fi \fi \@dblarg {\@tempf \@captype 
                                                  }
l.90   \caption
               {The partition algorithm}
? 

! LaTeX Error: \begin{document} ended by \end{algorithm}.

See the LaTeX manual or LaTeX Companion for explanation.
Type  H <return>  for immediate help.
 ...                                              
                                                  
l.91 \end{algorithm}
                    \vs
? 

LaTeX Warning: Reference `partition_alg' on page \thepage  undefined on input l
ine 95.


Overfull \hbox (18.24559pt too wide) in paragraph at lines 94--97
\T1/aer/bx/n/9 Theorem 9. \T1/aer/m/it/9 Let $\OML/cmm/m/it/9 G$ \T1/aer/m/it/9
 be drawn from $\OML/cmm/m/it/9 G[]$ \T1/aer/m/it/9 where $\OML/cmm/m/it/9 p \O
MS/cmsy/m/n/9 ^^U \OML/cmm/m/it/9 a[]$\T1/aer/m/it/9 .
 []


Overfull \hbox (3.98647pt too wide) in paragraph at lines 94--97
\T1/aer/m/it/9 Then Al-go-rithm 3 [] finds a $\OT1/cmr/m/n/9 (1 \OMS/cmsy/m/n/9
 ^^@ \OML/cmm/m/it/9 ^^O\OT1/cmr/m/n/9 )$\T1/aer/m/it/9 -approximation in $\OML
/cmm/m/it/9 O\OT1/cmr/m/n/9 ([])$
 []


LaTeX Warning: Citation `LovaszPlummer1986' on page \thepage  undefined on inpu
t line 103.

) (./3_1_Simulated_Results.tex

LaTeX Warning: File `images/time.png' not found on input line 24.


! Package pdftex.def Error: File `images/time.png' not found.

See the pdftex.def package documentation for explanation.
Type  H <return>  for immediate help.
 ...                                              
                                                  
l.24 ...hics[width=0.8\textwidth]{images/time.png}
                                                  
? 
LaTeX Font Info:    Try loading font information for T1+aett on input line 24.
(/opt/local/share/texmf-texlive-dist/tex/latex/ae/t1aett.fd
File: t1aett.fd 1997/11/16 Font definitions for T1/aett.
)

LaTeX Warning: File `images/space.png' not found on input line 30.


! Package pdftex.def Error: File `images/space.png' not found.

See the pdftex.def package documentation for explanation.
Type  H <return>  for immediate help.
 ...                                              
                                                  
l.30 ...ics[width=0.8\textwidth]{images/space.png}
                                                  
? 

Overfull \hbox (1.91785pt too wide) in paragraph at lines 22--34
 []$[]$ 
 []


Overfull \hbox (1.91785pt too wide) in paragraph at lines 22--34
 []$ 
 []


LaTeX Warning: Reference `fig:a=1:1' on page \thepage  undefined on input line 
38.


LaTeX Warning: Reference `fig:a=1:2' on page \thepage  undefined on input line 
38.


LaTeX Warning: Reference `fig:a=1:1' on page \thepage  undefined on input line 
47.


LaTeX Warning: Reference `fig:a=1:2' on page \thepage  undefined on input line 
47.


LaTeX Warning: Reference `fig:simple_approx' on page \thepage  undefined on inp
ut line 48.

[6]
<images/l=25000,r=100000_Greedy_vs_Naive.png, id=44, 501.875pt x 332.24126pt>
File: images/l=25000,r=100000_Greedy_vs_Naive.png Graphic file (type png)

<use images/l=25000,r=100000_Greedy_vs_Naive.png>
Package pdftex.def Info: images/l=25000,r=100000_Greedy_vs_Naive.png used on in
put line 56.
(pdftex.def)             Requested size: 193.535pt x 128.12366pt.

<images/l=50000,r=100000_Greedy_vs_Naive.png, id=45, 501.875pt x 332.24126pt>
File: images/l=50000,r=100000_Greedy_vs_Naive.png Graphic file (type png)

<use images/l=50000,r=100000_Greedy_vs_Naive.png>
Package pdftex.def Info: images/l=50000,r=100000_Greedy_vs_Naive.png used on in
put line 62.
(pdftex.def)             Requested size: 193.535pt x 128.12366pt.

Overfull \hbox (1.91785pt too wide) in paragraph at lines 54--66
 []$[]$ 
 []


Overfull \hbox (1.91785pt too wide) in paragraph at lines 54--66
 []$ 
 []


LaTeX Warning: Reference `fig:a=2' on page \thepage  undefined on input line 76
.


LaTeX Warning: Reference `fig:a=4' on page \thepage  undefined on input line 76
.


<images/l=50000,r=100000,a=2_Greedy_vs_Naive.png, id=46, 501.875pt x 332.24126p
t>
File: images/l=50000,r=100000,a=2_Greedy_vs_Naive.png Graphic file (type png)
 <use images/l=50000,r=100000,a=2_Greedy_vs_Naive.png>
Package pdftex.def Info: images/l=50000,r=100000,a=2_Greedy_vs_Naive.png used o
n input line 89.
(pdftex.def)             Requested size: 193.535pt x 128.12366pt.

<images/l=50000,r=100000,a=4_Greedy_vs_Naive.png, id=47, 501.875pt x 332.24126p
t>
File: images/l=50000,r=100000,a=4_Greedy_vs_Naive.png Graphic file (type png)
 <use images/l=50000,r=100000,a=4_Greedy_vs_Naive.png>
Package pdftex.def Info: images/l=50000,r=100000,a=4_Greedy_vs_Naive.png used o
n input line 95.
(pdftex.def)             Requested size: 193.535pt x 128.12366pt.

Overfull \hbox (1.91785pt too wide) in paragraph at lines 87--99
 []$[]$ 
 []


Overfull \hbox (1.91785pt too wide) in paragraph at lines 87--99
 []$ 
 []


Overfull \hbox (12.36221pt too wide) in paragraph at lines 102--106
[]\T1/aer/m/n/9 In short, our syn-thetic ex-per-i-ments show the fol-low-ing st
rengths
 []


Underfull \hbox (badness 10000) in paragraph at lines 102--106

 []


Underfull \vbox (badness 4303) has occurred while \output is active []

)
(./3_2_Real_Results.tex [7 <./images/l=25000,r=100000_Greedy_vs_Naive.png (PNG 
copy)> <./images/l=50000,r=100000_Greedy_vs_Naive.png (PNG copy)> <./images/l=5
0000,r=100000,a=2_Greedy_vs_Naive.png (PNG copy)> <./images/l=50000,r=100000,a=
4_Greedy_vs_Naive.png (PNG copy)>]
<images/real_sampling_a=1.png, id=52, 439.6425pt x 237.88875pt>
File: images/real_sampling_a=1.png Graphic file (type png)

<use images/real_sampling_a=1.png>
Package pdftex.def Info: images/real_sampling_a=1.png used on input line 8.
(pdftex.def)             Requested size: 193.535pt x 104.71855pt.

<images/real_sampling_a=2.png, id=53, 439.6425pt x 237.88875pt>
File: images/real_sampling_a=2.png Graphic file (type png)

<use images/real_sampling_a=2.png>
Package pdftex.def Info: images/real_sampling_a=2.png used on input line 14.
(pdftex.def)             Requested size: 193.535pt x 104.71855pt.

<images/real_sampling_a=3.png, id=54, 439.6425pt x 237.88875pt>
File: images/real_sampling_a=3.png Graphic file (type png)

<use images/real_sampling_a=3.png>
Package pdftex.def Info: images/real_sampling_a=3.png used on input line 21.
(pdftex.def)             Requested size: 193.535pt x 104.71855pt.

Overfull \hbox (1.91785pt too wide) in paragraph at lines 6--25
 []$[]$ 
 []


Overfull \hbox (1.91785pt too wide) in paragraph at lines 6--25
 []$ 
 []


Overfull \hbox (1.91785pt too wide) in paragraph at lines 6--25
 []$ 
 []

<images/real_greedy_a=1.png, id=55, 439.6425pt x 237.88875pt>
File: images/real_greedy_a=1.png Graphic file (type png)

<use images/real_greedy_a=1.png>
Package pdftex.def Info: images/real_greedy_a=1.png used on input line 31.
(pdftex.def)             Requested size: 193.535pt x 104.71855pt.

<images/real_greedy_a=2.png, id=56, 439.6425pt x 237.88875pt>
File: images/real_greedy_a=2.png Graphic file (type png)

<use images/real_greedy_a=2.png>
Package pdftex.def Info: images/real_greedy_a=2.png used on input line 37.
(pdftex.def)             Requested size: 193.535pt x 104.71855pt.

<images/real_greedy_a=3.png, id=57, 439.6425pt x 237.88875pt>
File: images/real_greedy_a=3.png Graphic file (type png)

<use images/real_greedy_a=3.png>
Package pdftex.def Info: images/real_greedy_a=3.png used on input line 43.
(pdftex.def)             Requested size: 193.535pt x 104.71855pt.

Overfull \hbox (1.91785pt too wide) in paragraph at lines 29--47
 []$[]$ 
 []


Overfull \hbox (1.91785pt too wide) in paragraph at lines 29--47
 []$ 
 []


Overfull \hbox (1.91785pt too wide) in paragraph at lines 29--47
 []$ 
 []

) (./4_Future_Directions.tex)
Underfull \vbox (badness 10000) has occurred while \output is active []


No file main.bbl.
[1 <./images/real_sampling_a=1.png (PNG copy)> <./images/real_sampling_a=2.png 
(PNG copy)> <./images/real_sampling_a=3.png (PNG copy)> <./images/real_greedy_a
=1.png (PNG copy)> <./images/real_greedy_a=2.png (PNG copy)> <./images/real_gre
edy_a=3.png (PNG copy)>] (./main.aux)

LaTeX Warning: There were undefined references.


LaTeX Warning: Label(s) may have changed. Rerun to get cross-references right.

 ) 
Here is how much of TeX's memory you used:
 3179 strings out of 494763
 41876 string characters out of 3171441
 106106 words of memory out of 3000000
 6270 multiletter control sequences out of 15000+200000
 61495 words of font info for 83 fonts, out of 3000000 for 9000
 134 hyphenation exceptions out of 8191
 41i,10n,26p,1208b,326s stack positions out of 5000i,500n,10000p,200000b,50000s
{/opt/local/share/texmf-texlive-dist/fonts/enc/dvips/base/8r.enc}</opt/local/
share/texmf-texlive-dist/fonts/type1/public/amsfonts/cm/cmbx9.pfb></opt/local/s
hare/texmf-texlive-dist/fonts/type1/public/amsfonts/cm/cmbxti10.pfb></opt/local
/share/texmf-texlive-dist/fonts/type1/public/amsfonts/cm/cmcsc10.pfb></opt/loca
l/share/texmf-texlive-dist/fonts/type1/public/amsfonts/cmextra/cmex9.pfb></opt/
local/share/texmf-texlive-dist/fonts/type1/public/amsfonts/cm/cmmi5.pfb></opt/l
ocal/share/texmf-texlive-dist/fonts/type1/public/amsfonts/cm/cmmi6.pfb></opt/lo
cal/share/texmf-texlive-dist/fonts/type1/public/amsfonts/cm/cmmi9.pfb></opt/loc
al/share/texmf-texlive-dist/fonts/type1/public/amsfonts/cm/cmr5.pfb></opt/local
/share/texmf-texlive-dist/fonts/type1/public/amsfonts/cm/cmr6.pfb></opt/local/s
hare/texmf-texlive-dist/fonts/type1/public/amsfonts/cm/cmr9.pfb></opt/local/sha
re/texmf-texlive-dist/fonts/type1/public/amsfonts/cm/cmsy5.pfb></opt/local/shar
e/texmf-texlive-dist/fonts/type1/public/amsfonts/cm/cmsy6.pfb></opt/local/share
/texmf-texlive-dist/fonts/type1/public/amsfonts/cm/cmsy9.pfb></opt/local/share/
texmf-texlive-dist/fonts/type1/public/amsfonts/cm/cmti7.pfb></opt/local/share/t
exmf-texlive-dist/fonts/type1/public/amsfonts/cm/cmti9.pfb></opt/local/share/te
xmf-texlive-dist/fonts/type1/public/amsfonts/cm/cmtt9.pfb></opt/local/share/tex
mf-texlive-dist/fonts/type1/urw/helvetic/uhvb8a.pfb></opt/local/share/texmf-tex
live-dist/fonts/type1/urw/helvetic/uhvr8a.pfb></opt/local/share/texmf-texlive-d
ist/fonts/type1/urw/times/utmb8a.pfb>
Output written on main.pdf (8 pages, 469699 bytes).
PDF statistics:
 122 PDF objects out of 1000 (max. 8388607)
 79 compressed objects within 1 object stream
 0 named destinations out of 1000 (max. 500000)
 61 words of extra memory for PDF output out of 10000 (max. 10000000)

